set ucliGUI::state
set ucliGUI::state
ucliCore::getToolPID
synopsys::env hasTB
trigger_hier_stack_context_switch 0
synUtils::setDVEInitPhase 1
synopsys::dump -type VPD -file /afs/ece.cmu.edu/usr/emaynard/Private/class/18-240/Lab5/Lab5/inter.vpd -locking
synopsys::dump -autoflush on -fid VPD0
set ::dve_fid VPD0
synUtils::setDVEInitPhase 0
ucliCore::getToolPID
synUtils::sendTool -active _icl_setToolSocket /tmp/smlnpUqAxqv
synUtils::sendTool -active {_icl_start_rpc -version "J-2014.12-SP3-1_Full64" -sync_file /tmp/vcs_dve_rpc.emaynard.17131}
synUtils::sendTool -active {_icl_createSharedMemory /tmp/vcs_dve_general.emaynard.17131}
config endofsim noexit
config onfail enable all
config syscaddplainmembers
config syscaddsourcenames
config syscaddstructtypes
synopsys::listing -disable
synopsys::dump -add {vga_test.dut.CLOCK_50 vga_test.dut.CountCols vga_test.dut.HDisp vga_test.dut.HS vga_test.dut.VDisp vga_test.dut.VS vga_test.dut.blank vga_test.dut.col vga_test.dut.colIncrement vga_test.dut.doubleCol vga_test.dut.hEndTrigger vga_test.dut.hTrigger vga_test.dut.horizontalCounter vga_test.dut.reset vga_test.dut.row vga_test.dut.rowIncrement vga_test.dut.verticalCounter } -aggregates  -fid VPD0
synopsys::run
set ucliGUI::state
set ucliGUI::state
set ucliGUI::state
set ucliGUI::state
