# Preference setting overrides
gui_create_pref_key -category {Globals} -key {load_detail_for_funcov} -value_type {bool} -value {false}

# State setting overrides
gui_state_default_create -off -ini
gui_set_state_value -category Layout -key child_console_size_x -value 1419
gui_set_state_value -category Layout -key child_console_size_y -value 175
gui_set_state_value -category Layout -key child_data_coltype -value 160
gui_set_state_value -category Layout -key child_data_colvalue -value 163
gui_set_state_value -category Layout -key child_data_colvariable -value 203
gui_set_state_value -category Layout -key child_data_size_x -value 508
gui_set_state_value -category Layout -key child_data_size_y -value 406
gui_set_state_value -category Layout -key child_hier_col3 -value {-1}
gui_set_state_value -category Layout -key child_hier_colpd -value 0
gui_set_state_value -category Layout -key child_hier_size_x -value 146
gui_set_state_value -category Layout -key child_hier_size_y -value 406
gui_set_state_value -category Layout -key child_source_docknewline -value false
gui_set_state_value -category Layout -key child_source_pos_x -value {-2}
gui_set_state_value -category Layout -key child_source_pos_y -value {-15}
gui_set_state_value -category Layout -key child_source_size_x -value 768
gui_set_state_value -category Layout -key child_source_size_y -value 401
gui_set_state_value -category Layout -key child_wave_colname -value 246
gui_set_state_value -category Layout -key child_wave_colvalue -value 246
gui_set_state_value -category Layout -key child_wave_left -value 497
gui_set_state_value -category Layout -key child_wave_right -value 1213
gui_set_state_value -category Layout -key main_pos_x -value 335
gui_set_state_value -category Layout -key main_pos_y -value 448
gui_set_state_value -category Layout -key main_size_x -value 1754
gui_set_state_value -category Layout -key main_size_y -value 1128
gui_set_state_value -category Layout -key stand_wave_child_docknewline -value false
gui_set_state_value -category Layout -key stand_wave_child_pos_x -value {-2}
gui_set_state_value -category Layout -key stand_wave_child_pos_y -value {-15}
gui_set_state_value -category Layout -key stand_wave_child_size_x -value 1720
gui_set_state_value -category Layout -key stand_wave_child_size_y -value 874
gui_set_state_value -category Layout -key stand_wave_top_pos_x -value 0
gui_set_state_value -category Layout -key stand_wave_top_pos_y -value 187
gui_set_state_value -category Layout -key stand_wave_top_size_x -value 1715
gui_set_state_value -category Layout -key stand_wave_top_size_y -value 1165
gui_create_state_key -category FindDialog -key m_pMatchCase -value_type bool -value false
gui_create_state_key -category FindDialog -key m_pMatchWord -value_type bool -value false
gui_create_state_key -category FindDialog -key m_pUseCombo -value_type string -value {}
gui_create_state_key -category FindDialog -key m_pWrapAround -value_type bool -value true
gui_create_state_key -category Widget_History -key {dlgSimSetup|m_setupTab|tab pages|SimTab|m_VPDCombo} -value_type string -value inter.vpd
gui_create_state_key -category Widget_History -key {dlgSimSetup|m_setupTab|tab pages|SimTab|m_argsCombo} -value_type string -value {{-ucligui }}
gui_create_state_key -category Widget_History -key {dlgSimSetup|m_setupTab|tab pages|SimTab|m_curDirCombo} -value_type string -value /afs/ece.cmu.edu/usr/emaynard/Private/class/18-240/Lab0
gui_create_state_key -category Widget_History -key {dlgSimSetup|m_setupTab|tab pages|SimTab|m_exeCombo} -value_type string -value /afs/ece.cmu.edu/usr/emaynard/Private/class/18-240/Lab0/simv
gui_create_state_key -category SearchDialog -key MatchCase -value_type bool -value false
gui_create_state_key -category SearchDialog -key MatchWord -value_type bool -value true
gui_create_state_key -category SearchDialog -key SearchMode -value_type string -value Wildcards
gui_create_state_key -category SearchDialog -key UseCombo -value_type bool -value true
gui_state_default_create -off

# Begin command logging
gui_sim_run Ucli -exe ./simv -args {-ucligui  } -dir .
gui_list_select -id Data.1 -selected  { vga_test.HS   }
gui_list_expand -id  Hier.1   vga_test
gui_list_select -id Hier.1 -current_item_name {vga_test.unnamed$$_2} -current_item_type Scope  -selected  { {vga_test.unnamed$$_2}   }
gui_list_select -id Hier.1 -current_item_name vga_test.dut -current_item_type Scope  -selected  { vga_test.dut   }
gui_list_select -id Data.1 -selected  { vga_test.dut.CLOCK_50   }
gui_list_select -id Data.1 -selected  {  }
gui_list_select -id Data.1 { vga_test.dut.CLOCK_50  vga_test.dut.reset  vga_test.dut.HS  vga_test.dut.VS  vga_test.dut.blank  {vga_test.dut.row[8:0]}  {vga_test.dut.col[9:0]}  {vga_test.dut.horizontalCounter[11:0]}  {vga_test.dut.verticalCounter[11:0]}  vga_test.dut.hTrigger  vga_test.dut.hEndTrigger  vga_test.dut.rowIncrement  vga_test.dut.colIncrement  vga_test.dut.HDisp  vga_test.dut.VDisp  {vga_test.dut.doubleCol[10:0]}  vga_test.dut.CountCols   }
gui_open_window Wave
gui_list_add -id Wave.1 -from Data.1 { vga_test.dut.CLOCK_50 vga_test.dut.reset vga_test.dut.HS vga_test.dut.VS vga_test.dut.blank {vga_test.dut.row[8:0]} {vga_test.dut.col[9:0]} {vga_test.dut.horizontalCounter[11:0]} {vga_test.dut.verticalCounter[11:0]} vga_test.dut.hTrigger vga_test.dut.hEndTrigger vga_test.dut.rowIncrement vga_test.dut.colIncrement vga_test.dut.HDisp vga_test.dut.VDisp {vga_test.dut.doubleCol[10:0]} vga_test.dut.CountCols } -insertionbar
gui_sim_continue  
gui_list_select -id Wave.1 -selected  { vga_test.dut.HDisp   }
gui_wv_zoom_timerange -id  Wave.1 35999868 35999989
gui_wv_zoom_timerange -id  Wave.1 35999880 35999941
gui_list_select -id Wave.1 -selected  { vga_test.dut.VDisp   }
gui_list_add  -id  Wave.1   -after vga_test.dut.VDisp {{vga_test.dut.VDisp}} 
gui_list_select -id Wave.1 -selected  { vga_test.dut.HDisp   }
gui_list_select -id Wave.1 -selected  { vga_test.dut.VDisp   }
gui_list_select -id Wave.1 -selected  { vga_test.dut.HDisp   }
gui_list_select -id Wave.1 -selected  { vga_test.dut.VDisp   }
gui_wv_scroll_hslidermove -id  Wave.1 0
gui_marker_move -id  Wave.1 C1 2
gui_marker_select -id  Wave.1 { C1 }
gui_marker_move -id  Wave.1 C1 13
gui_list_select -id Wave.1 -selected  { vga_test.dut.blank   }
gui_marker_move -id  Wave.1 C1 12
gui_wv_scroll_hslidermove -id  Wave.1 0
gui_list_select -id Wave.1 -selected  { vga_test.dut.VDisp   }
gui_list_select -id Wave.1 -selected  { vga_test.dut.VDisp   }
gui_list_select -id Wave.1 -selected  { vga_test.dut.HDisp   }
gui_list_select -id Wave.1 -selected  { vga_test.dut.VDisp   }
gui_list_select -id Wave.1 -selected  { vga_test.dut.HDisp   }
gui_wv_zoom_timerange -id  Wave.1 1 2
gui_list_select -id Wave.1 -selected  { vga_test.dut.VDisp   }
gui_list_select -id Wave.1 -selected  { vga_test.dut.HDisp   }
gui_list_select -id Wave.1 -selected  { vga_test.dut.VDisp   }
gui_wv_scroll_hslidermove -id  Wave.1 0
gui_list_select -id Wave.1 -selected  { vga_test.dut.VS   }
gui_list_select -id Wave.1 -selected  { vga_test.dut.HS   }
gui_list_select -id Wave.1 -selected  { vga_test.dut.VS   }
gui_zoom -window Wave.1 -factor 0.5
gui_zoom -window Wave.1 -factor 0.5
gui_zoom -window Wave.1 -factor 0.5
gui_zoom -window Wave.1 -factor 0.5
gui_zoom -window Wave.1 -factor 0.5
gui_zoom -window Wave.1 -factor 0.5
gui_zoom -window Wave.1 -factor 0.5
gui_zoom -window Wave.1 -factor 0.5
gui_zoom -window Wave.1 -factor 0.5
gui_zoom -window Wave.1 -factor 0.5
gui_zoom -window Wave.1 -factor 0.5
gui_zoom -window Wave.1 -factor 0.5
gui_zoom -window Wave.1 -factor 0.5
gui_zoom -window Wave.1 -factor 0.5
gui_zoom -window Wave.1 -factor 0.5
gui_zoom -window Wave.1 -factor 0.5
gui_list_select -id Wave.1 -selected  { vga_test.dut.blank   }
gui_wv_scroll_hslidermove -id  Wave.1 0
gui_list_select -id Wave.1 -selected  { vga_test.dut.HDisp   }
gui_list_select -id Wave.1 -selected  { vga_test.dut.VDisp   }
gui_list_select -id Wave.1 -selected  { vga_test.dut.VDisp   }
gui_list_select -id Wave.1 -selected  { vga_test.dut.HDisp   }
gui_list_select -id Wave.1 -selected  { vga_test.dut.VDisp   }
gui_list_select -id Wave.1 -selected  { vga_test.dut.HDisp   }
gui_list_select -id Wave.1 -selected  { vga_test.dut.VS   }
gui_wv_scroll_hslidermove -id  Wave.1 6246
gui_wv_zoom_timerange -id  Wave.1 343409 409001
gui_wv_zoom_timerange -id  Wave.1 343409 409936
gui_wv_zoom_timerange -id  Wave.1 343409 420987
gui_wv_zoom_timerange -id  Wave.1 343409 421097
gui_list_select -id Wave.1 -selected  { vga_test.dut.HS  vga_test.dut.VS   }
gui_list_select -id Wave.1 -selected  { vga_test.dut.VS  vga_test.dut.blank   }
gui_list_select -id Wave.1 -selected  { vga_test.dut.HS   }
gui_list_select -id Wave.1 -selected  { vga_test.dut.HS  vga_test.dut.VS   }
gui_list_select -id Wave.1 -selected  { vga_test.dut.HS  vga_test.dut.VS  vga_test.dut.blank   }
gui_list_select -id Wave.1 -selected  { vga_test.dut.HS  vga_test.dut.blank   }
gui_list_select -id Wave.1 -selected  { vga_test.dut.HS  vga_test.dut.VS  vga_test.dut.blank   }
gui_sg_create  Group2 
gui_list_add_group -id  Wave.1   {Group2} 
gui_list_move  -id  Wave.1    -sid  Wave.1   -after Group2 {{vga_test.dut.HS} {vga_test.dut.VS} {vga_test.dut.blank}}
gui_list_select -id Wave.1 -selected  { vga_test.dut.HDisp   }
gui_list_select -id Wave.1 -selected  { vga_test.dut.HDisp  vga_test.dut.VDisp   }
gui_sg_create  Group3 
gui_list_add_group -id  Wave.1   {Group3} 
gui_list_move  -id  Wave.1    -sid  Wave.1   -after Group3 {{vga_test.dut.HDisp} {vga_test.dut.VDisp}}
gui_marker_move -id  Wave.1 C1 366171
gui_marker_move -id  Wave.1 C1 354076
gui_list_select -id Wave.1 -selected  { vga_test.dut.HS   }
gui_list_select -id Wave.1 -selected  { vga_test.dut.VS   }
gui_list_select -id Wave.1 -selected  { vga_test.dut.blank   }
gui_wv_scroll_hslidermove -id  Wave.1 0
gui_wv_scrollleft -id  Wave.1  line
gui_wv_scrollleft -id  Wave.1  line
gui_wv_scrollleft -id  Wave.1  line
gui_wv_scrollleft -id  Wave.1  line
gui_wv_scrollleft -id  Wave.1  line
gui_list_select -id Wave.1 -selected  { vga_test.dut.HDisp   }
gui_marker_move -id  Wave.1 C1 6983
gui_wv_zoom_timerange -id  Wave.1 6543 11931
gui_zoom -window Wave.1 -factor 0.5
gui_zoom -window Wave.1 -factor 0.5
gui_zoom -window Wave.1 -factor 0.5
gui_zoom -window Wave.1 -factor 0.5
gui_zoom -window Wave.1 -factor 0.5
gui_zoom -window Wave.1 -factor 0.5
gui_wv_scroll_hslidermove -id  Wave.1 641
gui_wv_scrollright -id  Wave.1  line
gui_wv_scrollright -id  Wave.1  line
gui_wv_scrollleft -id  Wave.1  line
gui_wv_scrollleft -id  Wave.1  line
gui_wv_scrollleft -id  Wave.1  line
gui_wv_scrollleft -id  Wave.1  line
gui_zoom -window Wave.1 -factor 0.5
gui_zoom -window Wave.1 -factor 0.5
gui_zoom -window Wave.1 -factor 0.5
gui_marker_move -id  Wave.1 C1 493942
gui_marker_move -id  Wave.1 C1 480005
gui_marker_move -id  Wave.1 C1 376802
gui_marker_move -id  Wave.1 C1 495675
gui_marker_move -id  Wave.1 C1 482875
gui_wv_scroll_hslidermove -id  Wave.1 3162
gui_wv_scrollleft -id  Wave.1  page
gui_wv_scrollleft -id  Wave.1  page
gui_wv_scroll_hslidermove -id  Wave.1 334
gui_wv_scroll_hslidermove -id  Wave.1 0
