set ucliGUI::state
set ucliGUI::state
ucliCore::getToolPID
synopsys::env hasTB
trigger_hier_stack_context_switch 0
synUtils::setDVEInitPhase 1
synopsys::dump -type VPD -file /afs/ece.cmu.edu/usr/emaynard/Private/class/18-240/Lab5/Lab5/inter.vpd -locking
synopsys::dump -autoflush on -fid VPD0
set ::dve_fid VPD0
synUtils::setDVEInitPhase 0
ucliCore::getToolPID
synUtils::sendTool -active _icl_setToolSocket /tmp/smlnpXNTLvx
synUtils::sendTool -active {_icl_start_rpc -single_cpu -version "J-2014.12-SP3-1_Full64" -sync_file /tmp/vcs_dve_rpc.emaynard.28119}
synUtils::sendTool -active {_icl_createSharedMemory /tmp/vcs_dve_general.emaynard.28119}
config endofsim noexit
config onfail enable all
config syscaddplainmembers
config syscaddsourcenames
config syscaddstructtypes
synopsys::listing -disable
synopsys::dump -add {vga_test.CLOCK_50 vga_test.HS vga_test.VS vga_test.blank vga_test.col vga_test.reset vga_test.row } -aggregates  -fid VPD0
synopsys::run
set ucliGUI::state
set ucliGUI::state
set ucliGUI::state
set ucliGUI::state
