# Preference setting overrides
gui_create_pref_key -category {Globals} -key {load_detail_for_funcov} -value_type {bool} -value {false}

# State setting overrides
gui_state_default_create -off -ini
gui_set_state_value -category Layout -key child_console_size_x -value 1426
gui_set_state_value -category Layout -key child_console_size_y -value 163
gui_set_state_value -category Layout -key child_data_coltype -value 160
gui_set_state_value -category Layout -key child_data_colvalue -value 163
gui_set_state_value -category Layout -key child_data_colvariable -value 203
gui_set_state_value -category Layout -key child_data_size_x -value 515
gui_set_state_value -category Layout -key child_data_size_y -value 425
gui_set_state_value -category Layout -key child_hier_col3 -value {-1}
gui_set_state_value -category Layout -key child_hier_colpd -value 0
gui_set_state_value -category Layout -key child_hier_size_x -value 153
gui_set_state_value -category Layout -key child_hier_size_y -value 425
gui_set_state_value -category Layout -key child_source_docknewline -value false
gui_set_state_value -category Layout -key child_source_pos_x -value {-2}
gui_set_state_value -category Layout -key child_source_pos_y -value {-15}
gui_set_state_value -category Layout -key child_source_size_x -value 761
gui_set_state_value -category Layout -key child_source_size_y -value 420
gui_set_state_value -category Layout -key child_wave_colname -value 233
gui_set_state_value -category Layout -key child_wave_colvalue -value 233
gui_set_state_value -category Layout -key child_wave_left -value 470
gui_set_state_value -category Layout -key child_wave_right -value 1147
gui_set_state_value -category Layout -key main_pos_x -value 335
gui_set_state_value -category Layout -key main_pos_y -value 226
gui_set_state_value -category Layout -key main_size_x -value 1761
gui_set_state_value -category Layout -key main_size_y -value 913
gui_set_state_value -category Layout -key stand_wave_child_docknewline -value false
gui_set_state_value -category Layout -key stand_wave_child_pos_x -value {-2}
gui_set_state_value -category Layout -key stand_wave_child_pos_y -value {-15}
gui_set_state_value -category Layout -key stand_wave_child_size_x -value 1627
gui_set_state_value -category Layout -key stand_wave_child_size_y -value 888
gui_set_state_value -category Layout -key stand_wave_top_pos_x -value 130
gui_set_state_value -category Layout -key stand_wave_top_pos_y -value 60
gui_set_state_value -category Layout -key stand_wave_top_size_x -value 1752
gui_set_state_value -category Layout -key stand_wave_top_size_y -value 1052
gui_create_state_key -category FindDialog -key m_pMatchCase -value_type bool -value false
gui_create_state_key -category FindDialog -key m_pMatchWord -value_type bool -value false
gui_create_state_key -category FindDialog -key m_pUseCombo -value_type string -value {}
gui_create_state_key -category FindDialog -key m_pWrapAround -value_type bool -value true
gui_create_state_key -category Widget_History -key {dlgSimSetup|m_setupTab|tab pages|SimTab|m_VPDCombo} -value_type string -value inter.vpd
gui_create_state_key -category Widget_History -key {dlgSimSetup|m_setupTab|tab pages|SimTab|m_argsCombo} -value_type string -value {{-ucligui }}
gui_create_state_key -category Widget_History -key {dlgSimSetup|m_setupTab|tab pages|SimTab|m_curDirCombo} -value_type string -value /afs/ece.cmu.edu/usr/emaynard/Private/class/18-240/Lab0
gui_create_state_key -category Widget_History -key {dlgSimSetup|m_setupTab|tab pages|SimTab|m_exeCombo} -value_type string -value /afs/ece.cmu.edu/usr/emaynard/Private/class/18-240/Lab0/simv
gui_create_state_key -category SearchDialog -key MatchCase -value_type bool -value false
gui_create_state_key -category SearchDialog -key MatchWord -value_type bool -value true
gui_create_state_key -category SearchDialog -key SearchMode -value_type string -value Wildcards
gui_create_state_key -category SearchDialog -key UseCombo -value_type bool -value true
gui_state_default_create -off

# Begin command logging
gui_sim_run Ucli -exe ./simv -args {-ucligui  } -dir .
gui_list_select -id Data.1 -selected  { vga_test.CLOCK_50   }
gui_list_select -id Data.1 -selected  { vga_test.CLOCK_50  vga_test.reset  vga_test.HS  vga_test.VS  vga_test.blank  {vga_test.row[8:0]}  {vga_test.col[9:0]}   }
gui_open_window Wave
gui_list_add -id Wave.1 -from Data.1 { vga_test.CLOCK_50 vga_test.reset vga_test.HS vga_test.VS vga_test.blank {vga_test.row[8:0]} {vga_test.col[9:0]} } -insertionbar
gui_sim_continue  
gui_zoom -window Wave.1 -factor 0.5
gui_zoom -window Wave.1 -factor 0.5
gui_zoom -window Wave.1 -factor 0.5
gui_zoom -window Wave.1 -factor 0.5
gui_zoom -window Wave.1 -factor 0.5
gui_zoom -window Wave.1 -factor 0.5
gui_zoom -window Wave.1 -factor 0.5
gui_zoom -window Wave.1 -factor 0.5
gui_zoom -window Wave.1 -factor 0.5
gui_zoom -window Wave.1 -factor 0.5
gui_zoom -window Wave.1 -factor 0.5
gui_zoom -window Wave.1 -factor 0.5
gui_zoom -window Wave.1 -factor 0.5
gui_zoom -window Wave.1 -factor 0.5
gui_zoom -window Wave.1 -factor 0.5
gui_zoom -window Wave.1 -factor 0.5
gui_zoom -window Wave.1 -factor 0.5
gui_wv_zoom_timerange -id  Wave.1 5325528 10476448
gui_wv_zoom_timerange -id  Wave.1 5837099 6637642
gui_wv_zoom_timerange -id  Wave.1 5994830 6212384
gui_wv_zoom_timerange -id  Wave.1 6064076 6071225
gui_wv_zoom_timerange -id  Wave.1 6066657 6067158
gui_wv_zoom_timerange -id  Wave.1 6066878 6066928
gui_zoom -window Wave.1 -factor 0.5
gui_zoom -window Wave.1 -factor 0.5
gui_zoom -window Wave.1 -factor 0.5
gui_zoom -window Wave.1 -factor 0.5
gui_zoom -window Wave.1 -factor 0.5
gui_zoom -window Wave.1 -factor 0.5
gui_zoom -window Wave.1 -factor 0.5
gui_zoom -window Wave.1 -factor 0.5
gui_zoom -window Wave.1 -factor 0.5
gui_wv_zoom_timerange -id  Wave.1 6062961 6064844
gui_wv_zoom_timerange -id  Wave.1 6063623 6063735
gui_zoom -window Wave.1 -factor 0.5
gui_zoom -window Wave.1 -factor 0.5
gui_zoom -window Wave.1 -factor 0.5
gui_zoom -window Wave.1 -factor 0.5
gui_zoom -window Wave.1 -factor 0.5
gui_zoom -window Wave.1 -factor 0.5
gui_zoom -window Wave.1 -factor 0.5
gui_zoom -window Wave.1 -factor 0.5
gui_marker_move -id  Wave.1 C1 6063685
gui_marker_move -id  Wave.1 C1 6050885
