14:09:32    16 -->                                                             [tcl] ucliGUI::connect -toolargs -ucligui -toolexe ./simv -pid 28119 -toolin /tmp/vcs_20171102180927_28118_emaynard..stdin -toolout /tmp/vcs_20171102180927_28118_emaynard..stdout  
14:09:32    17 -->                                                                 [tcl] set ucliGUI::state
14:09:32    18 -->                                                                     [tcl] gui_update_simulator_buttons
14:09:35    19 -->                                                                         [tcl] set ucliGUI::state
14:09:35    20 -->                                                                             [tcl] ucliCore::getToolPID
14:09:35    21 -->                                                                                 [tcl] synopsys::env hasTB
14:09:35    22 -->                                                                                     [tcl] trigger_hier_stack_context_switch 0
14:09:35    23 -->                                                                                         [tcl] synUtils::setDVEInitPhase 1
14:09:35    24 -->                                                                                             [tcl] gui_get_env SIMSETUP::SIMVPD
14:09:35    25 --> ...  [tcl] synopsys::dump -type VPD -file /afs/ece.cmu.edu/usr/emaynard/Private/class/18-240/Lab5/Lab5/inter.vpd -locking
14:09:35    26 --> ...      [tcl] synopsys::dump -autoflush on -fid VPD0
14:09:35    27 --> ...          [tcl] set ::dve_fid VPD0
14:09:35    28 --> ...              [tcl] synUtils::setDVEInitPhase 0
14:09:35    29 --> ...                  [tcl] ucliCore::getToolPID
14:09:35    30 --> ...                      [tcl] synUtils::sendTool -active _icl_setToolSocket /tmp/smlnpXNTLvx
14:09:35    31 --> ...                          [tcl] synUtils::sendTool -active {_icl_start_rpc -single_cpu -version "J-2014.12-SP3-1_Full64" -sync_file /tmp/vcs_dve_rpc.emaynard.28119}
14:09:35    32 --> ...                              [tcl] synUtils::sendTool -active {_icl_createSharedMemory /tmp/vcs_dve_general.emaynard.28119}
14:09:35    33 --> ...                                  [tcl] dveMisc::vbusExpand vga_test
14:09:35    34 --> ...                                      [tcl] config endofsim noexit
14:09:35    35 --> ...                                          [tcl] config onfail enable all
14:09:35    36 --> ...                                              [tcl] config syscaddplainmembers
14:09:35    37 --> ...                                                  [tcl] config syscaddsourcenames
14:09:35    38 --> ...                                                      [tcl] config syscaddstructtypes
14:09:35    39 --> ...                                                          [tcl] synopsys::listing -disable
14:09:44    40 --> ...                                                              [tcl] synopsys::dump -add {vga_test.CLOCK_50 vga_test.HS vga_test.VS vga_test.blank vga_test.col vga_test.reset vga_test.row } -aggregates  -fid VPD0
14:09:49    41 --> ...                                                                  [tcl] synopsys::run
14:09:49    42 --> ...                                                                      [tcl] set ucliGUI::state
14:09:49    43 --> ...                                                                          [tcl] set ucliGUI::state
14:09:49    44 --> ...                                                                              [tcl] gui_update_simulator_buttons
14:09:51    45 --> ...                                                                                  [tcl] set ucliGUI::state
14:09:51    46 --> ...                                                                                      [tcl] set ucliGUI::state
14:09:51    47 --> ...                                                                                          [tcl] catch {senv activeDomain} dveMisc::result 
14:09:51    48 --> ...                                                                                              [tcl] set dveMisc::result
14:09:51    49 --> ...                                                                                                  [tcl] gui_update_simulator_buttons
